ISim log file
Running: D:\Work Zone\Your Own Projects\SPI\SPI\spi_master_isim_beh.exe -intstyle ise -gui -tclbatch isim.cmd -wdb D:/Work Zone/Your Own Projects/SPI/SPI/spi_master_isim_beh.wdb 
ISim P.20131013 (signature 0x7708f090)
This is a Full version of ISim.
Time resolution is 1 ps
# onerror resume
# wave add /
# run 1000 ns
Simulator is doing circuit initialization process.
Finished circuit initialization process.
# isim force add /spi_master/i_clk 1 -radix bin -value 0 -radix bin -time 25 ps -repeat 50 ps
# isim force add /spi_master/i_clk 1 -radix bin -value 0 -radix bin -time 25 ps -repeat 50 ps
# isim force add /spi_master/reset 1 -radix bin
# isim force add /spi_master/reset 1 -radix bin
# isim force add /spi_master/tx_byte 10101101 -radix bin
# isim force add /spi_master/tx_byte 10101101 -radix bin
# isim force remove /spi_master/reset
# isim force add /spi_master/reset 1 -radix bin
# isim force add /spi_master/reset 1 -radix bin
# run 1.00us
# isim force add /spi_master/reset 0 -radix bin
# isim force add /spi_master/reset 0 -radix bin
# isim force add /spi_master/TX_DV 1 -radix bin -cancel 1 ps
# isim force add /spi_master/TX_DV 1 -radix bin -cancel 1 ps
# run 1.00us
# restart
# isim force add /spi_master/i_clk 1 -radix bin -value 0 -radix bin -time 25 ps -repeat 50 ps
# isim force add /spi_master/i_clk 1 -radix bin -value 0 -radix bin -time 25 ps -repeat 50 ps
